  Client.cpp
C:\Program Files\Microsoft Visual Studio\2022\Community\VC\Tools\MSVC\14.34.31933\include\optional(12): warning STL4038: The contents of <optional> are available only with C++17 or later.
C:\Users\Fluffles\Documents\GitHub\OSRS\osrs\client\game.h(256,49): warning C4244: 'argument': conversion from 'float' to 'int', possible loss of data
C:\Users\Fluffles\Documents\GitHub\OSRS\osrs\client\game.h(425,55): warning C4267: 'initializing': conversion from 'size_t' to 'int', possible loss of data
C:\Users\Fluffles\Documents\GitHub\OSRS\osrs\client\game.h(431,57): warning C4267: 'initializing': conversion from 'size_t' to 'int', possible loss of data
C:\Users\Fluffles\Documents\GitHub\OSRS\osrs\client\game.h(549,103): warning C4018: '>=': signed/unsigned mismatch
C:\Users\Fluffles\Documents\GitHub\OSRS\osrs\networking\message.h(63,1): warning C4267: '=': conversion from 'size_t' to 'uint32_t', possible loss of data
C:\Users\Fluffles\Documents\GitHub\OSRS\osrs\client\Client.cpp(34,1): message : see reference to function template instantiation 'tfg::net::message<T> &tfg::net::operator <<<sPlayerDescription>(tfg::net::message<T> &,const DataType &)' being compiled
          with
          [
              T=GameMsg,
              DataType=sPlayerDescription
          ]
C:\Users\Fluffles\Documents\GitHub\OSRS\osrs\client\Client.cpp(34,11): message : see reference to function template instantiation 'tfg::net::message<T> &tfg::net::operator <<<sPlayerDescription>(tfg::net::message<T> &,const DataType &)' being compiled
          with
          [
              T=GameMsg,
              DataType=sPlayerDescription
          ]
C:\Users\Fluffles\Documents\GitHub\OSRS\osrs\networking\message.h(74,1): warning C4267: '=': conversion from 'size_t' to 'uint32_t', possible loss of data
C:\Users\Fluffles\Documents\GitHub\OSRS\osrs\client\Client.cpp(41,1): message : see reference to function template instantiation 'tfg::net::message<T> &tfg::net::operator >><uint32_t>(tfg::net::message<T> &,DataType &)' being compiled
          with
          [
              T=GameMsg,
              DataType=uint32_t
          ]
C:\Users\Fluffles\Documents\GitHub\OSRS\osrs\client\Client.cpp(41,11): message : see reference to function template instantiation 'tfg::net::message<T> &tfg::net::operator >><uint32_t>(tfg::net::message<T> &,DataType &)' being compiled
          with
          [
              T=GameMsg,
              DataType=uint32_t
          ]
  client.vcxproj -> C:\Users\Fluffles\Documents\GitHub\OSRS\osrs\x64\Debug\client.exe
